Traceback (most recent call last):
  File "C:\Users\pa-legg\.conda\envs\jupyterbook_env\lib\site-packages\jupyter_cache\executors\utils.py", line 56, in single_nb_execution
    record_timing=False,
  File "C:\Users\pa-legg\.conda\envs\jupyterbook_env\lib\site-packages\nbclient\client.py", line 1093, in execute
    return NotebookClient(nb=nb, resources=resources, km=km, **kwargs).execute()
  File "C:\Users\pa-legg\.conda\envs\jupyterbook_env\lib\site-packages\nbclient\util.py", line 84, in wrapped
    return just_run(coro(*args, **kwargs))
  File "C:\Users\pa-legg\.conda\envs\jupyterbook_env\lib\site-packages\nbclient\util.py", line 62, in just_run
    return loop.run_until_complete(coro)
  File "C:\Users\pa-legg\.conda\envs\jupyterbook_env\lib\asyncio\base_events.py", line 488, in run_until_complete
    return future.result()
  File "C:\Users\pa-legg\.conda\envs\jupyterbook_env\lib\site-packages\nbclient\client.py", line 560, in async_execute
    cell, index, execution_count=self.code_cells_executed + 1
  File "C:\Users\pa-legg\.conda\envs\jupyterbook_env\lib\site-packages\nbclient\client.py", line 854, in async_execute_cell
    self._check_raise_for_error(cell, exec_reply)
  File "C:\Users\pa-legg\.conda\envs\jupyterbook_env\lib\site-packages\nbclient\client.py", line 756, in _check_raise_for_error
    raise CellExecutionError.from_cell_and_msg(cell, exec_reply_content)
nbclient.exceptions.CellExecutionError: An error occurred while executing the following cell:
------------------
import pandas as pd
filename = './example_data/eve.json'
df = pd.read_json(filename, lines=True)
df
------------------

[1;31m---------------------------------------------------------------------------[0m
[1;31mValueError[0m                                Traceback (most recent call last)
[1;32m<ipython-input-2-88dbe434df98>[0m in [0;36m<module>[1;34m[0m
[0;32m      1[0m [1;32mimport[0m [0mpandas[0m [1;32mas[0m [0mpd[0m[1;33m[0m[1;33m[0m[0m
[0;32m      2[0m [0mfilename[0m [1;33m=[0m [1;34m'./example_data/eve.json'[0m[1;33m[0m[1;33m[0m[0m
[1;32m----> 3[1;33m [0mdf[0m [1;33m=[0m [0mpd[0m[1;33m.[0m[0mread_json[0m[1;33m([0m[0mfilename[0m[1;33m,[0m [0mlines[0m[1;33m=[0m[1;32mTrue[0m[1;33m)[0m[1;33m[0m[1;33m[0m[0m
[0m[0;32m      4[0m [0mdf[0m[1;33m[0m[1;33m[0m[0m

[1;32m~\.conda\envs\jupyterbook_env\lib\site-packages\pandas\util\_decorators.py[0m in [0;36mwrapper[1;34m(*args, **kwargs)[0m
[0;32m    197[0m                 [1;32melse[0m[1;33m:[0m[1;33m[0m[1;33m[0m[0m
[0;32m    198[0m                     [0mkwargs[0m[1;33m[[0m[0mnew_arg_name[0m[1;33m][0m [1;33m=[0m [0mnew_arg_value[0m[1;33m[0m[1;33m[0m[0m
[1;32m--> 199[1;33m             [1;32mreturn[0m [0mfunc[0m[1;33m([0m[1;33m*[0m[0margs[0m[1;33m,[0m [1;33m**[0m[0mkwargs[0m[1;33m)[0m[1;33m[0m[1;33m[0m[0m
[0m[0;32m    200[0m [1;33m[0m[0m
[0;32m    201[0m         [1;32mreturn[0m [0mcast[0m[1;33m([0m[0mF[0m[1;33m,[0m [0mwrapper[0m[1;33m)[0m[1;33m[0m[1;33m[0m[0m

[1;32m~\.conda\envs\jupyterbook_env\lib\site-packages\pandas\util\_decorators.py[0m in [0;36mwrapper[1;34m(*args, **kwargs)[0m
[0;32m    294[0m                 )
[0;32m    295[0m                 [0mwarnings[0m[1;33m.[0m[0mwarn[0m[1;33m([0m[0mmsg[0m[1;33m,[0m [0mFutureWarning[0m[1;33m,[0m [0mstacklevel[0m[1;33m=[0m[0mstacklevel[0m[1;33m)[0m[1;33m[0m[1;33m[0m[0m
[1;32m--> 296[1;33m             [1;32mreturn[0m [0mfunc[0m[1;33m([0m[1;33m*[0m[0margs[0m[1;33m,[0m [1;33m**[0m[0mkwargs[0m[1;33m)[0m[1;33m[0m[1;33m[0m[0m
[0m[0;32m    297[0m [1;33m[0m[0m
[0;32m    298[0m         [1;32mreturn[0m [0mwrapper[0m[1;33m[0m[1;33m[0m[0m

[1;32m~\.conda\envs\jupyterbook_env\lib\site-packages\pandas\io\json\_json.py[0m in [0;36mread_json[1;34m(path_or_buf, orient, typ, dtype, convert_axes, convert_dates, keep_default_dates, numpy, precise_float, date_unit, encoding, lines, chunksize, compression, nrows)[0m
[0;32m    616[0m         [1;32mreturn[0m [0mjson_reader[0m[1;33m[0m[1;33m[0m[0m
[0;32m    617[0m [1;33m[0m[0m
[1;32m--> 618[1;33m     [0mresult[0m [1;33m=[0m [0mjson_reader[0m[1;33m.[0m[0mread[0m[1;33m([0m[1;33m)[0m[1;33m[0m[1;33m[0m[0m
[0m[0;32m    619[0m     [1;32mif[0m [0mshould_close[0m[1;33m:[0m[1;33m[0m[1;33m[0m[0m
[0;32m    620[0m         [0mfilepath_or_buffer[0m[1;33m.[0m[0mclose[0m[1;33m([0m[1;33m)[0m[1;33m[0m[1;33m[0m[0m

[1;32m~\.conda\envs\jupyterbook_env\lib\site-packages\pandas\io\json\_json.py[0m in [0;36mread[1;34m(self)[0m
[0;32m    751[0m                 [0mdata[0m [1;33m=[0m [0mensure_str[0m[1;33m([0m[0mself[0m[1;33m.[0m[0mdata[0m[1;33m)[0m[1;33m[0m[1;33m[0m[0m
[0;32m    752[0m                 [0mdata[0m [1;33m=[0m [0mdata[0m[1;33m.[0m[0msplit[0m[1;33m([0m[1;34m"\n"[0m[1;33m)[0m[1;33m[0m[1;33m[0m[0m
[1;32m--> 753[1;33m                 [0mobj[0m [1;33m=[0m [0mself[0m[1;33m.[0m[0m_get_object_parser[0m[1;33m([0m[0mself[0m[1;33m.[0m[0m_combine_lines[0m[1;33m([0m[0mdata[0m[1;33m)[0m[1;33m)[0m[1;33m[0m[1;33m[0m[0m
[0m[0;32m    754[0m         [1;32melse[0m[1;33m:[0m[1;33m[0m[1;33m[0m[0m
[0;32m    755[0m             [0mobj[0m [1;33m=[0m [0mself[0m[1;33m.[0m[0m_get_object_parser[0m[1;33m([0m[0mself[0m[1;33m.[0m[0mdata[0m[1;33m)[0m[1;33m[0m[1;33m[0m[0m

[1;32m~\.conda\envs\jupyterbook_env\lib\site-packages\pandas\io\json\_json.py[0m in [0;36m_get_object_parser[1;34m(self, json)[0m
[0;32m    775[0m         [0mobj[0m [1;33m=[0m [1;32mNone[0m[1;33m[0m[1;33m[0m[0m
[0;32m    776[0m         [1;32mif[0m [0mtyp[0m [1;33m==[0m [1;34m"frame"[0m[1;33m:[0m[1;33m[0m[1;33m[0m[0m
[1;32m--> 777[1;33m             [0mobj[0m [1;33m=[0m [0mFrameParser[0m[1;33m([0m[0mjson[0m[1;33m,[0m [1;33m**[0m[0mkwargs[0m[1;33m)[0m[1;33m.[0m[0mparse[0m[1;33m([0m[1;33m)[0m[1;33m[0m[1;33m[0m[0m
[0m[0;32m    778[0m [1;33m[0m[0m
[0;32m    779[0m         [1;32mif[0m [0mtyp[0m [1;33m==[0m [1;34m"series"[0m [1;32mor[0m [0mobj[0m [1;32mis[0m [1;32mNone[0m[1;33m:[0m[1;33m[0m[1;33m[0m[0m

[1;32m~\.conda\envs\jupyterbook_env\lib\site-packages\pandas\io\json\_json.py[0m in [0;36mparse[1;34m(self)[0m
[0;32m    884[0m [1;33m[0m[0m
[0;32m    885[0m         [1;32melse[0m[1;33m:[0m[1;33m[0m[1;33m[0m[0m
[1;32m--> 886[1;33m             [0mself[0m[1;33m.[0m[0m_parse_no_numpy[0m[1;33m([0m[1;33m)[0m[1;33m[0m[1;33m[0m[0m
[0m[0;32m    887[0m [1;33m[0m[0m
[0;32m    888[0m         [1;32mif[0m [0mself[0m[1;33m.[0m[0mobj[0m [1;32mis[0m [1;32mNone[0m[1;33m:[0m[1;33m[0m[1;33m[0m[0m

[1;32m~\.conda\envs\jupyterbook_env\lib\site-packages\pandas\io\json\_json.py[0m in [0;36m_parse_no_numpy[1;34m(self)[0m
[0;32m   1117[0m         [1;32mif[0m [0morient[0m [1;33m==[0m [1;34m"columns"[0m[1;33m:[0m[1;33m[0m[1;33m[0m[0m
[0;32m   1118[0m             self.obj = DataFrame(
[1;32m-> 1119[1;33m                 [0mloads[0m[1;33m([0m[0mjson[0m[1;33m,[0m [0mprecise_float[0m[1;33m=[0m[0mself[0m[1;33m.[0m[0mprecise_float[0m[1;33m)[0m[1;33m,[0m [0mdtype[0m[1;33m=[0m[1;32mNone[0m[1;33m[0m[1;33m[0m[0m
[0m[0;32m   1120[0m             )
[0;32m   1121[0m         [1;32melif[0m [0morient[0m [1;33m==[0m [1;34m"split"[0m[1;33m:[0m[1;33m[0m[1;33m[0m[0m

[1;31mValueError[0m: Expected object or value
ValueError: Expected object or value

